{
 "cells": [
  {
   "cell_type": "code",
   "execution_count": 1,
   "metadata": {},
   "outputs": [],
   "source": [
    "%load_ext sql"
   ]
  },
  {
   "cell_type": "code",
   "execution_count": 2,
   "metadata": {},
   "outputs": [
    {
     "name": "stdout",
     "output_type": "stream",
     "text": [
      "postgresql://postgres:postgres@127.0.0.1:5432/rates\n"
     ]
    }
   ],
   "source": [
    "# Note: port 5432 is the default used by postgres\n",
    "\n",
    "db_host = '127.0.0.1'\n",
    "db = 'rates'\n",
    "db_user = 'postgres'\n",
    "db_password = 'postgres'\n",
    "db_port = '5432'\n",
    "\n",
    "connection = f'postgresql://{db_user}:{db_password}@{db_host}:{db_port}/{db}'\n",
    "print(connection)"
   ]
  },
  {
   "cell_type": "code",
   "execution_count": 3,
   "metadata": {},
   "outputs": [],
   "source": [
    "#Connecting to Database\n",
    "%sql $connection"
   ]
  },
  {
   "cell_type": "markdown",
   "metadata": {},
   "source": [
    "the main task is to find lastest rate in last 30 second \n",
    "\n",
    "**tested data :**\n",
    "rates3 is simulated data with 5 currency pairs and ~660k records over 25 minutes last time 2024-10-17 11:26:55\n",
    "rates2 is simulated data with 58 currency pairs and more than 30M records  last time  2024-10-19 07:40:37\n"
   ]
  },
  {
   "cell_type": "code",
   "execution_count": 9,
   "metadata": {},
   "outputs": [
    {
     "name": "stdout",
     "output_type": "stream",
     "text": [
      " * postgresql://postgres:***@127.0.0.1:5432/rates\n",
      "25 rows affected.\n"
     ]
    },
    {
     "data": {
      "text/html": [
       "<table>\n",
       "    <thead>\n",
       "        <tr>\n",
       "            <th>QUERY PLAN</th>\n",
       "        </tr>\n",
       "    </thead>\n",
       "    <tbody>\n",
       "        <tr>\n",
       "            <td>Finalize HashAggregate  (cost=623.85..623.92 rows=5 width=24) (actual time=11.389..11.394 rows=5 loops=1)</td>\n",
       "        </tr>\n",
       "        <tr>\n",
       "            <td>&nbsp;&nbsp;Group Key: rates3.ccy_couple</td>\n",
       "        </tr>\n",
       "        <tr>\n",
       "            <td>&nbsp;&nbsp;Batches: 1  Memory Usage: 24kB</td>\n",
       "        </tr>\n",
       "        <tr>\n",
       "            <td>&nbsp;&nbsp;-&gt;  Custom Scan (ChunkAppend) on rates3  (cost=0.29..618.97 rows=390 width=72) (actual time=4.340..11.336 rows=5 loops=1)</td>\n",
       "        </tr>\n",
       "        <tr>\n",
       "            <td>&nbsp;&nbsp;&nbsp;&nbsp;&nbsp;&nbsp;&nbsp;&nbsp;Chunks excluded during startup: 75</td>\n",
       "        </tr>\n",
       "        <tr>\n",
       "            <td>&nbsp;&nbsp;&nbsp;&nbsp;&nbsp;&nbsp;&nbsp;&nbsp;-&gt;  Partial HashAggregate  (cost=201.88..201.96 rows=5 width=72) (actual time=4.339..4.342 rows=2 loops=1)</td>\n",
       "        </tr>\n",
       "        <tr>\n",
       "            <td>&nbsp;&nbsp;&nbsp;&nbsp;&nbsp;&nbsp;&nbsp;&nbsp;&nbsp;&nbsp;&nbsp;&nbsp;&nbsp;&nbsp;Group Key: _hyper_20_16951_chunk.ccy_couple</td>\n",
       "        </tr>\n",
       "        <tr>\n",
       "            <td>&nbsp;&nbsp;&nbsp;&nbsp;&nbsp;&nbsp;&nbsp;&nbsp;&nbsp;&nbsp;&nbsp;&nbsp;&nbsp;&nbsp;Batches: 1  Memory Usage: 24kB</td>\n",
       "        </tr>\n",
       "        <tr>\n",
       "            <td>&nbsp;&nbsp;&nbsp;&nbsp;&nbsp;&nbsp;&nbsp;&nbsp;&nbsp;&nbsp;&nbsp;&nbsp;&nbsp;&nbsp;-&gt;  Index Scan using _hyper_20_16951_chunk_idx_rates3_event_time on _hyper_20_16951_chunk  (cost=0.29..162.37 rows=5268 width=24) (actual time=0.022..2.178 rows=5271 loops=1)</td>\n",
       "        </tr>\n",
       "        <tr>\n",
       "            <td>&nbsp;&nbsp;&nbsp;&nbsp;&nbsp;&nbsp;&nbsp;&nbsp;&nbsp;&nbsp;&nbsp;&nbsp;&nbsp;&nbsp;&nbsp;&nbsp;&nbsp;&nbsp;&nbsp;&nbsp;Index Cond: (event_time &gt; (((EXTRACT(epoch FROM &#x27;2024-10-17 17:26:55+02&#x27;::timestamp with time zone) * &#x27;1000&#x27;::numeric) - &#x27;30000&#x27;::numeric))::bigint)</td>\n",
       "        </tr>\n",
       "        <tr>\n",
       "            <td>&nbsp;&nbsp;&nbsp;&nbsp;&nbsp;&nbsp;&nbsp;&nbsp;&nbsp;&nbsp;&nbsp;&nbsp;&nbsp;&nbsp;&nbsp;&nbsp;&nbsp;&nbsp;&nbsp;&nbsp;Filter: (rate &lt;&gt; &#x27;0&#x27;::double precision)</td>\n",
       "        </tr>\n",
       "        <tr>\n",
       "            <td>&nbsp;&nbsp;&nbsp;&nbsp;&nbsp;&nbsp;&nbsp;&nbsp;-&gt;  Partial HashAggregate  (cost=201.89..201.97 rows=5 width=72) (actual time=4.469..4.473 rows=2 loops=1)</td>\n",
       "        </tr>\n",
       "        <tr>\n",
       "            <td>&nbsp;&nbsp;&nbsp;&nbsp;&nbsp;&nbsp;&nbsp;&nbsp;&nbsp;&nbsp;&nbsp;&nbsp;&nbsp;&nbsp;Group Key: _hyper_20_16952_chunk.ccy_couple</td>\n",
       "        </tr>\n",
       "        <tr>\n",
       "            <td>&nbsp;&nbsp;&nbsp;&nbsp;&nbsp;&nbsp;&nbsp;&nbsp;&nbsp;&nbsp;&nbsp;&nbsp;&nbsp;&nbsp;Batches: 1  Memory Usage: 24kB</td>\n",
       "        </tr>\n",
       "        <tr>\n",
       "            <td>&nbsp;&nbsp;&nbsp;&nbsp;&nbsp;&nbsp;&nbsp;&nbsp;&nbsp;&nbsp;&nbsp;&nbsp;&nbsp;&nbsp;-&gt;  Index Scan using _hyper_20_16952_chunk_idx_rates3_event_time on _hyper_20_16952_chunk  (cost=0.29..162.37 rows=5269 width=24) (actual time=0.030..2.273 rows=5271 loops=1)</td>\n",
       "        </tr>\n",
       "        <tr>\n",
       "            <td>&nbsp;&nbsp;&nbsp;&nbsp;&nbsp;&nbsp;&nbsp;&nbsp;&nbsp;&nbsp;&nbsp;&nbsp;&nbsp;&nbsp;&nbsp;&nbsp;&nbsp;&nbsp;&nbsp;&nbsp;Index Cond: (event_time &gt; (((EXTRACT(epoch FROM &#x27;2024-10-17 17:26:55+02&#x27;::timestamp with time zone) * &#x27;1000&#x27;::numeric) - &#x27;30000&#x27;::numeric))::bigint)</td>\n",
       "        </tr>\n",
       "        <tr>\n",
       "            <td>&nbsp;&nbsp;&nbsp;&nbsp;&nbsp;&nbsp;&nbsp;&nbsp;&nbsp;&nbsp;&nbsp;&nbsp;&nbsp;&nbsp;&nbsp;&nbsp;&nbsp;&nbsp;&nbsp;&nbsp;Filter: (rate &lt;&gt; &#x27;0&#x27;::double precision)</td>\n",
       "        </tr>\n",
       "        <tr>\n",
       "            <td>&nbsp;&nbsp;&nbsp;&nbsp;&nbsp;&nbsp;&nbsp;&nbsp;-&gt;  Partial HashAggregate  (cost=102.73..102.80 rows=5 width=72) (actual time=2.511..2.512 rows=1 loops=1)</td>\n",
       "        </tr>\n",
       "        <tr>\n",
       "            <td>&nbsp;&nbsp;&nbsp;&nbsp;&nbsp;&nbsp;&nbsp;&nbsp;&nbsp;&nbsp;&nbsp;&nbsp;&nbsp;&nbsp;Group Key: _hyper_20_16953_chunk.ccy_couple</td>\n",
       "        </tr>\n",
       "        <tr>\n",
       "            <td>&nbsp;&nbsp;&nbsp;&nbsp;&nbsp;&nbsp;&nbsp;&nbsp;&nbsp;&nbsp;&nbsp;&nbsp;&nbsp;&nbsp;Batches: 1  Memory Usage: 24kB</td>\n",
       "        </tr>\n",
       "        <tr>\n",
       "            <td>&nbsp;&nbsp;&nbsp;&nbsp;&nbsp;&nbsp;&nbsp;&nbsp;&nbsp;&nbsp;&nbsp;&nbsp;&nbsp;&nbsp;-&gt;  Index Scan using _hyper_20_16953_chunk_idx_rates3_event_time on _hyper_20_16953_chunk  (cost=0.29..82.97 rows=2634 width=24) (actual time=0.025..1.208 rows=2635 loops=1)</td>\n",
       "        </tr>\n",
       "        <tr>\n",
       "            <td>&nbsp;&nbsp;&nbsp;&nbsp;&nbsp;&nbsp;&nbsp;&nbsp;&nbsp;&nbsp;&nbsp;&nbsp;&nbsp;&nbsp;&nbsp;&nbsp;&nbsp;&nbsp;&nbsp;&nbsp;Index Cond: (event_time &gt; (((EXTRACT(epoch FROM &#x27;2024-10-17 17:26:55+02&#x27;::timestamp with time zone) * &#x27;1000&#x27;::numeric) - &#x27;30000&#x27;::numeric))::bigint)</td>\n",
       "        </tr>\n",
       "        <tr>\n",
       "            <td>&nbsp;&nbsp;&nbsp;&nbsp;&nbsp;&nbsp;&nbsp;&nbsp;&nbsp;&nbsp;&nbsp;&nbsp;&nbsp;&nbsp;&nbsp;&nbsp;&nbsp;&nbsp;&nbsp;&nbsp;Filter: (rate &lt;&gt; &#x27;0&#x27;::double precision)</td>\n",
       "        </tr>\n",
       "        <tr>\n",
       "            <td>Planning Time: 15.241 ms</td>\n",
       "        </tr>\n",
       "        <tr>\n",
       "            <td>Execution Time: 14.940 ms</td>\n",
       "        </tr>\n",
       "    </tbody>\n",
       "</table>"
      ],
      "text/plain": [
       "[('Finalize HashAggregate  (cost=623.85..623.92 rows=5 width=24) (actual time=11.389..11.394 rows=5 loops=1)',),\n",
       " ('  Group Key: rates3.ccy_couple',),\n",
       " ('  Batches: 1  Memory Usage: 24kB',),\n",
       " ('  ->  Custom Scan (ChunkAppend) on rates3  (cost=0.29..618.97 rows=390 width=72) (actual time=4.340..11.336 rows=5 loops=1)',),\n",
       " ('        Chunks excluded during startup: 75',),\n",
       " ('        ->  Partial HashAggregate  (cost=201.88..201.96 rows=5 width=72) (actual time=4.339..4.342 rows=2 loops=1)',),\n",
       " ('              Group Key: _hyper_20_16951_chunk.ccy_couple',),\n",
       " ('              Batches: 1  Memory Usage: 24kB',),\n",
       " ('              ->  Index Scan using _hyper_20_16951_chunk_idx_rates3_event_time on _hyper_20_16951_chunk  (cost=0.29..162.37 rows=5268 width=24) (actual time=0.022..2.178 rows=5271 loops=1)',),\n",
       " (\"                    Index Cond: (event_time > (((EXTRACT(epoch FROM '2024-10-17 17:26:55+02'::timestamp with time zone) * '1000'::numeric) - '30000'::numeric))::bigint)\",),\n",
       " (\"                    Filter: (rate <> '0'::double precision)\",),\n",
       " ('        ->  Partial HashAggregate  (cost=201.89..201.97 rows=5 width=72) (actual time=4.469..4.473 rows=2 loops=1)',),\n",
       " ('              Group Key: _hyper_20_16952_chunk.ccy_couple',),\n",
       " ('              Batches: 1  Memory Usage: 24kB',),\n",
       " ('              ->  Index Scan using _hyper_20_16952_chunk_idx_rates3_event_time on _hyper_20_16952_chunk  (cost=0.29..162.37 rows=5269 width=24) (actual time=0.030..2.273 rows=5271 loops=1)',),\n",
       " (\"                    Index Cond: (event_time > (((EXTRACT(epoch FROM '2024-10-17 17:26:55+02'::timestamp with time zone) * '1000'::numeric) - '30000'::numeric))::bigint)\",),\n",
       " (\"                    Filter: (rate <> '0'::double precision)\",),\n",
       " ('        ->  Partial HashAggregate  (cost=102.73..102.80 rows=5 width=72) (actual time=2.511..2.512 rows=1 loops=1)',),\n",
       " ('              Group Key: _hyper_20_16953_chunk.ccy_couple',),\n",
       " ('              Batches: 1  Memory Usage: 24kB',),\n",
       " ('              ->  Index Scan using _hyper_20_16953_chunk_idx_rates3_event_time on _hyper_20_16953_chunk  (cost=0.29..82.97 rows=2634 width=24) (actual time=0.025..1.208 rows=2635 loops=1)',),\n",
       " (\"                    Index Cond: (event_time > (((EXTRACT(epoch FROM '2024-10-17 17:26:55+02'::timestamp with time zone) * '1000'::numeric) - '30000'::numeric))::bigint)\",),\n",
       " (\"                    Filter: (rate <> '0'::double precision)\",),\n",
       " ('Planning Time: 15.241 ms',),\n",
       " ('Execution Time: 14.940 ms',)]"
      ]
     },
     "execution_count": 9,
     "metadata": {},
     "output_type": "execute_result"
    }
   ],
   "source": [
    "%%sql\n",
    "EXPLAIN ANALYZE\n",
    "SELECT\n",
    "\tCCY_COUPLE,\n",
    "\tLAST (EVENT_TIME, EVENT_TIME) AS EVENT_TIME,\n",
    "\tLAST (RATE, EVENT_TIME) AS LAST_RATE\n",
    "FROM\n",
    "\tRATES3\n",
    "WHERE\n",
    "\tEVENT_TIME > (\n",
    "\t\tEXTRACT(\n",
    "\t\t\tEPOCH\n",
    "\t\t\tFROM\n",
    "\t\t\t\t'2024-10-17 11:26:55'::TIMESTAMP AT TIME ZONE 'America/New_York'\n",
    "\t\t) * 1000 - 30000\n",
    "\t)::BIGINT\n",
    "\tAND RATE <> 0 \n",
    "GROUP BY\n",
    "\tCCY_COUPLE"
   ]
  },
  {
   "cell_type": "code",
   "execution_count": 10,
   "metadata": {},
   "outputs": [
    {
     "name": "stdout",
     "output_type": "stream",
     "text": [
      " * postgresql://postgres:***@127.0.0.1:5432/rates\n",
      "37 rows affected.\n"
     ]
    },
    {
     "data": {
      "text/html": [
       "<table>\n",
       "    <thead>\n",
       "        <tr>\n",
       "            <th>QUERY PLAN</th>\n",
       "        </tr>\n",
       "    </thead>\n",
       "    <tbody>\n",
       "        <tr>\n",
       "            <td>Finalize HashAggregate  (cost=12010.79..12013.79 rows=200 width=24) (actual time=201.252..201.276 rows=50 loops=1)</td>\n",
       "        </tr>\n",
       "        <tr>\n",
       "            <td>&nbsp;&nbsp;Group Key: rates2.ccy_couple</td>\n",
       "        </tr>\n",
       "        <tr>\n",
       "            <td>&nbsp;&nbsp;Batches: 1  Memory Usage: 64kB</td>\n",
       "        </tr>\n",
       "        <tr>\n",
       "            <td>&nbsp;&nbsp;-&gt;  Custom Scan (ChunkAppend) on rates2  (cost=0.16..11210.79 rows=64000 width=72) (actual time=56.067..201.011 rows=50 loops=1)</td>\n",
       "        </tr>\n",
       "        <tr>\n",
       "            <td>&nbsp;&nbsp;&nbsp;&nbsp;&nbsp;&nbsp;&nbsp;&nbsp;Chunks excluded during startup: 315</td>\n",
       "        </tr>\n",
       "        <tr>\n",
       "            <td>&nbsp;&nbsp;&nbsp;&nbsp;&nbsp;&nbsp;&nbsp;&nbsp;-&gt;  Partial HashAggregate  (cost=2876.05..2879.05 rows=200 width=72) (actual time=56.065..56.083 rows=15 loops=1)</td>\n",
       "        </tr>\n",
       "        <tr>\n",
       "            <td>&nbsp;&nbsp;&nbsp;&nbsp;&nbsp;&nbsp;&nbsp;&nbsp;&nbsp;&nbsp;&nbsp;&nbsp;&nbsp;&nbsp;Group Key: _hyper_9_912_chunk.ccy_couple</td>\n",
       "        </tr>\n",
       "        <tr>\n",
       "            <td>&nbsp;&nbsp;&nbsp;&nbsp;&nbsp;&nbsp;&nbsp;&nbsp;&nbsp;&nbsp;&nbsp;&nbsp;&nbsp;&nbsp;Batches: 1  Memory Usage: 48kB</td>\n",
       "        </tr>\n",
       "        <tr>\n",
       "            <td>&nbsp;&nbsp;&nbsp;&nbsp;&nbsp;&nbsp;&nbsp;&nbsp;&nbsp;&nbsp;&nbsp;&nbsp;&nbsp;&nbsp;-&gt;  Index Scan using _hyper_9_912_chunk_rates2_event_time_idx on _hyper_9_912_chunk  (cost=0.30..2305.44 rows=76081 width=24) (actual time=0.052..28.738 rows=76034 loops=1)</td>\n",
       "        </tr>\n",
       "        <tr>\n",
       "            <td>&nbsp;&nbsp;&nbsp;&nbsp;&nbsp;&nbsp;&nbsp;&nbsp;&nbsp;&nbsp;&nbsp;&nbsp;&nbsp;&nbsp;&nbsp;&nbsp;&nbsp;&nbsp;&nbsp;&nbsp;Index Cond: (event_time &gt; (((EXTRACT(epoch FROM &#x27;2024-10-19 13:40:37+02&#x27;::timestamp with time zone) * &#x27;1000&#x27;::numeric) - &#x27;30000&#x27;::numeric))::bigint)</td>\n",
       "        </tr>\n",
       "        <tr>\n",
       "            <td>&nbsp;&nbsp;&nbsp;&nbsp;&nbsp;&nbsp;&nbsp;&nbsp;&nbsp;&nbsp;&nbsp;&nbsp;&nbsp;&nbsp;&nbsp;&nbsp;&nbsp;&nbsp;&nbsp;&nbsp;Filter: (rate &lt;&gt; &#x27;0&#x27;::double precision)</td>\n",
       "        </tr>\n",
       "        <tr>\n",
       "            <td>&nbsp;&nbsp;&nbsp;&nbsp;&nbsp;&nbsp;&nbsp;&nbsp;-&gt;  Partial HashAggregate  (cost=1947.60..1950.60 rows=200 width=72) (actual time=39.318..39.345 rows=10 loops=1)</td>\n",
       "        </tr>\n",
       "        <tr>\n",
       "            <td>&nbsp;&nbsp;&nbsp;&nbsp;&nbsp;&nbsp;&nbsp;&nbsp;&nbsp;&nbsp;&nbsp;&nbsp;&nbsp;&nbsp;Group Key: _hyper_9_913_chunk.ccy_couple</td>\n",
       "        </tr>\n",
       "        <tr>\n",
       "            <td>&nbsp;&nbsp;&nbsp;&nbsp;&nbsp;&nbsp;&nbsp;&nbsp;&nbsp;&nbsp;&nbsp;&nbsp;&nbsp;&nbsp;Batches: 1  Memory Usage: 40kB</td>\n",
       "        </tr>\n",
       "        <tr>\n",
       "            <td>&nbsp;&nbsp;&nbsp;&nbsp;&nbsp;&nbsp;&nbsp;&nbsp;&nbsp;&nbsp;&nbsp;&nbsp;&nbsp;&nbsp;-&gt;  Index Scan using _hyper_9_913_chunk_rates2_event_time_idx on _hyper_9_913_chunk  (cost=0.30..1565.38 rows=50963 width=24) (actual time=0.040..19.986 rows=50839 loops=1)</td>\n",
       "        </tr>\n",
       "        <tr>\n",
       "            <td>&nbsp;&nbsp;&nbsp;&nbsp;&nbsp;&nbsp;&nbsp;&nbsp;&nbsp;&nbsp;&nbsp;&nbsp;&nbsp;&nbsp;&nbsp;&nbsp;&nbsp;&nbsp;&nbsp;&nbsp;Index Cond: (event_time &gt; (((EXTRACT(epoch FROM &#x27;2024-10-19 13:40:37+02&#x27;::timestamp with time zone) * &#x27;1000&#x27;::numeric) - &#x27;30000&#x27;::numeric))::bigint)</td>\n",
       "        </tr>\n",
       "        <tr>\n",
       "            <td>&nbsp;&nbsp;&nbsp;&nbsp;&nbsp;&nbsp;&nbsp;&nbsp;&nbsp;&nbsp;&nbsp;&nbsp;&nbsp;&nbsp;&nbsp;&nbsp;&nbsp;&nbsp;&nbsp;&nbsp;Filter: (rate &lt;&gt; &#x27;0&#x27;::double precision)</td>\n",
       "        </tr>\n",
       "        <tr>\n",
       "            <td>&nbsp;&nbsp;&nbsp;&nbsp;&nbsp;&nbsp;&nbsp;&nbsp;-&gt;  Partial HashAggregate  (cost=2121.63..2124.63 rows=200 width=72) (actual time=46.229..46.250 rows=11 loops=1)</td>\n",
       "        </tr>\n",
       "        <tr>\n",
       "            <td>&nbsp;&nbsp;&nbsp;&nbsp;&nbsp;&nbsp;&nbsp;&nbsp;&nbsp;&nbsp;&nbsp;&nbsp;&nbsp;&nbsp;Group Key: _hyper_9_914_chunk.ccy_couple</td>\n",
       "        </tr>\n",
       "        <tr>\n",
       "            <td>&nbsp;&nbsp;&nbsp;&nbsp;&nbsp;&nbsp;&nbsp;&nbsp;&nbsp;&nbsp;&nbsp;&nbsp;&nbsp;&nbsp;Batches: 1  Memory Usage: 40kB</td>\n",
       "        </tr>\n",
       "        <tr>\n",
       "            <td>&nbsp;&nbsp;&nbsp;&nbsp;&nbsp;&nbsp;&nbsp;&nbsp;&nbsp;&nbsp;&nbsp;&nbsp;&nbsp;&nbsp;-&gt;  Index Scan using _hyper_9_914_chunk_rates2_event_time_idx on _hyper_9_914_chunk  (cost=0.30..1703.18 rows=55793 width=24) (actual time=0.048..24.297 rows=55843 loops=1)</td>\n",
       "        </tr>\n",
       "        <tr>\n",
       "            <td>&nbsp;&nbsp;&nbsp;&nbsp;&nbsp;&nbsp;&nbsp;&nbsp;&nbsp;&nbsp;&nbsp;&nbsp;&nbsp;&nbsp;&nbsp;&nbsp;&nbsp;&nbsp;&nbsp;&nbsp;Index Cond: (event_time &gt; (((EXTRACT(epoch FROM &#x27;2024-10-19 13:40:37+02&#x27;::timestamp with time zone) * &#x27;1000&#x27;::numeric) - &#x27;30000&#x27;::numeric))::bigint)</td>\n",
       "        </tr>\n",
       "        <tr>\n",
       "            <td>&nbsp;&nbsp;&nbsp;&nbsp;&nbsp;&nbsp;&nbsp;&nbsp;&nbsp;&nbsp;&nbsp;&nbsp;&nbsp;&nbsp;&nbsp;&nbsp;&nbsp;&nbsp;&nbsp;&nbsp;Filter: (rate &lt;&gt; &#x27;0&#x27;::double precision)</td>\n",
       "        </tr>\n",
       "        <tr>\n",
       "            <td>&nbsp;&nbsp;&nbsp;&nbsp;&nbsp;&nbsp;&nbsp;&nbsp;-&gt;  Partial HashAggregate  (cost=1750.47..1753.47 rows=200 width=72) (actual time=38.291..38.307 rows=9 loops=1)</td>\n",
       "        </tr>\n",
       "        <tr>\n",
       "            <td>&nbsp;&nbsp;&nbsp;&nbsp;&nbsp;&nbsp;&nbsp;&nbsp;&nbsp;&nbsp;&nbsp;&nbsp;&nbsp;&nbsp;Group Key: _hyper_9_915_chunk.ccy_couple</td>\n",
       "        </tr>\n",
       "        <tr>\n",
       "            <td>&nbsp;&nbsp;&nbsp;&nbsp;&nbsp;&nbsp;&nbsp;&nbsp;&nbsp;&nbsp;&nbsp;&nbsp;&nbsp;&nbsp;Batches: 1  Memory Usage: 40kB</td>\n",
       "        </tr>\n",
       "        <tr>\n",
       "            <td>&nbsp;&nbsp;&nbsp;&nbsp;&nbsp;&nbsp;&nbsp;&nbsp;&nbsp;&nbsp;&nbsp;&nbsp;&nbsp;&nbsp;-&gt;  Index Scan using _hyper_9_915_chunk_rates2_event_time_idx on _hyper_9_915_chunk  (cost=0.30..1407.72 rows=45700 width=24) (actual time=0.050..20.271 rows=45703 loops=1)</td>\n",
       "        </tr>\n",
       "        <tr>\n",
       "            <td>&nbsp;&nbsp;&nbsp;&nbsp;&nbsp;&nbsp;&nbsp;&nbsp;&nbsp;&nbsp;&nbsp;&nbsp;&nbsp;&nbsp;&nbsp;&nbsp;&nbsp;&nbsp;&nbsp;&nbsp;Index Cond: (event_time &gt; (((EXTRACT(epoch FROM &#x27;2024-10-19 13:40:37+02&#x27;::timestamp with time zone) * &#x27;1000&#x27;::numeric) - &#x27;30000&#x27;::numeric))::bigint)</td>\n",
       "        </tr>\n",
       "        <tr>\n",
       "            <td>&nbsp;&nbsp;&nbsp;&nbsp;&nbsp;&nbsp;&nbsp;&nbsp;&nbsp;&nbsp;&nbsp;&nbsp;&nbsp;&nbsp;&nbsp;&nbsp;&nbsp;&nbsp;&nbsp;&nbsp;Filter: (rate &lt;&gt; &#x27;0&#x27;::double precision)</td>\n",
       "        </tr>\n",
       "        <tr>\n",
       "            <td>&nbsp;&nbsp;&nbsp;&nbsp;&nbsp;&nbsp;&nbsp;&nbsp;-&gt;  Partial HashAggregate  (cost=984.76..987.76 rows=200 width=72) (actual time=20.998..21.007 rows=5 loops=1)</td>\n",
       "        </tr>\n",
       "        <tr>\n",
       "            <td>&nbsp;&nbsp;&nbsp;&nbsp;&nbsp;&nbsp;&nbsp;&nbsp;&nbsp;&nbsp;&nbsp;&nbsp;&nbsp;&nbsp;Group Key: _hyper_9_916_chunk.ccy_couple</td>\n",
       "        </tr>\n",
       "        <tr>\n",
       "            <td>&nbsp;&nbsp;&nbsp;&nbsp;&nbsp;&nbsp;&nbsp;&nbsp;&nbsp;&nbsp;&nbsp;&nbsp;&nbsp;&nbsp;Batches: 1  Memory Usage: 40kB</td>\n",
       "        </tr>\n",
       "        <tr>\n",
       "            <td>&nbsp;&nbsp;&nbsp;&nbsp;&nbsp;&nbsp;&nbsp;&nbsp;&nbsp;&nbsp;&nbsp;&nbsp;&nbsp;&nbsp;-&gt;  Index Scan using _hyper_9_916_chunk_rates2_event_time_idx on _hyper_9_916_chunk  (cost=0.30..794.98 rows=25304 width=24) (actual time=0.059..11.120 rows=25313 loops=1)</td>\n",
       "        </tr>\n",
       "        <tr>\n",
       "            <td>&nbsp;&nbsp;&nbsp;&nbsp;&nbsp;&nbsp;&nbsp;&nbsp;&nbsp;&nbsp;&nbsp;&nbsp;&nbsp;&nbsp;&nbsp;&nbsp;&nbsp;&nbsp;&nbsp;&nbsp;Index Cond: (event_time &gt; (((EXTRACT(epoch FROM &#x27;2024-10-19 13:40:37+02&#x27;::timestamp with time zone) * &#x27;1000&#x27;::numeric) - &#x27;30000&#x27;::numeric))::bigint)</td>\n",
       "        </tr>\n",
       "        <tr>\n",
       "            <td>&nbsp;&nbsp;&nbsp;&nbsp;&nbsp;&nbsp;&nbsp;&nbsp;&nbsp;&nbsp;&nbsp;&nbsp;&nbsp;&nbsp;&nbsp;&nbsp;&nbsp;&nbsp;&nbsp;&nbsp;Filter: (rate &lt;&gt; &#x27;0&#x27;::double precision)</td>\n",
       "        </tr>\n",
       "        <tr>\n",
       "            <td>Planning Time: 93.976 ms</td>\n",
       "        </tr>\n",
       "        <tr>\n",
       "            <td>Execution Time: 220.179 ms</td>\n",
       "        </tr>\n",
       "    </tbody>\n",
       "</table>"
      ],
      "text/plain": [
       "[('Finalize HashAggregate  (cost=12010.79..12013.79 rows=200 width=24) (actual time=201.252..201.276 rows=50 loops=1)',),\n",
       " ('  Group Key: rates2.ccy_couple',),\n",
       " ('  Batches: 1  Memory Usage: 64kB',),\n",
       " ('  ->  Custom Scan (ChunkAppend) on rates2  (cost=0.16..11210.79 rows=64000 width=72) (actual time=56.067..201.011 rows=50 loops=1)',),\n",
       " ('        Chunks excluded during startup: 315',),\n",
       " ('        ->  Partial HashAggregate  (cost=2876.05..2879.05 rows=200 width=72) (actual time=56.065..56.083 rows=15 loops=1)',),\n",
       " ('              Group Key: _hyper_9_912_chunk.ccy_couple',),\n",
       " ('              Batches: 1  Memory Usage: 48kB',),\n",
       " ('              ->  Index Scan using _hyper_9_912_chunk_rates2_event_time_idx on _hyper_9_912_chunk  (cost=0.30..2305.44 rows=76081 width=24) (actual time=0.052..28.738 rows=76034 loops=1)',),\n",
       " (\"                    Index Cond: (event_time > (((EXTRACT(epoch FROM '2024-10-19 13:40:37+02'::timestamp with time zone) * '1000'::numeric) - '30000'::numeric))::bigint)\",),\n",
       " (\"                    Filter: (rate <> '0'::double precision)\",),\n",
       " ('        ->  Partial HashAggregate  (cost=1947.60..1950.60 rows=200 width=72) (actual time=39.318..39.345 rows=10 loops=1)',),\n",
       " ('              Group Key: _hyper_9_913_chunk.ccy_couple',),\n",
       " ('              Batches: 1  Memory Usage: 40kB',),\n",
       " ('              ->  Index Scan using _hyper_9_913_chunk_rates2_event_time_idx on _hyper_9_913_chunk  (cost=0.30..1565.38 rows=50963 width=24) (actual time=0.040..19.986 rows=50839 loops=1)',),\n",
       " (\"                    Index Cond: (event_time > (((EXTRACT(epoch FROM '2024-10-19 13:40:37+02'::timestamp with time zone) * '1000'::numeric) - '30000'::numeric))::bigint)\",),\n",
       " (\"                    Filter: (rate <> '0'::double precision)\",),\n",
       " ('        ->  Partial HashAggregate  (cost=2121.63..2124.63 rows=200 width=72) (actual time=46.229..46.250 rows=11 loops=1)',),\n",
       " ('              Group Key: _hyper_9_914_chunk.ccy_couple',),\n",
       " ('              Batches: 1  Memory Usage: 40kB',),\n",
       " ('              ->  Index Scan using _hyper_9_914_chunk_rates2_event_time_idx on _hyper_9_914_chunk  (cost=0.30..1703.18 rows=55793 width=24) (actual time=0.048..24.297 rows=55843 loops=1)',),\n",
       " (\"                    Index Cond: (event_time > (((EXTRACT(epoch FROM '2024-10-19 13:40:37+02'::timestamp with time zone) * '1000'::numeric) - '30000'::numeric))::bigint)\",),\n",
       " (\"                    Filter: (rate <> '0'::double precision)\",),\n",
       " ('        ->  Partial HashAggregate  (cost=1750.47..1753.47 rows=200 width=72) (actual time=38.291..38.307 rows=9 loops=1)',),\n",
       " ('              Group Key: _hyper_9_915_chunk.ccy_couple',),\n",
       " ('              Batches: 1  Memory Usage: 40kB',),\n",
       " ('              ->  Index Scan using _hyper_9_915_chunk_rates2_event_time_idx on _hyper_9_915_chunk  (cost=0.30..1407.72 rows=45700 width=24) (actual time=0.050..20.271 rows=45703 loops=1)',),\n",
       " (\"                    Index Cond: (event_time > (((EXTRACT(epoch FROM '2024-10-19 13:40:37+02'::timestamp with time zone) * '1000'::numeric) - '30000'::numeric))::bigint)\",),\n",
       " (\"                    Filter: (rate <> '0'::double precision)\",),\n",
       " ('        ->  Partial HashAggregate  (cost=984.76..987.76 rows=200 width=72) (actual time=20.998..21.007 rows=5 loops=1)',),\n",
       " ('              Group Key: _hyper_9_916_chunk.ccy_couple',),\n",
       " ('              Batches: 1  Memory Usage: 40kB',),\n",
       " ('              ->  Index Scan using _hyper_9_916_chunk_rates2_event_time_idx on _hyper_9_916_chunk  (cost=0.30..794.98 rows=25304 width=24) (actual time=0.059..11.120 rows=25313 loops=1)',),\n",
       " (\"                    Index Cond: (event_time > (((EXTRACT(epoch FROM '2024-10-19 13:40:37+02'::timestamp with time zone) * '1000'::numeric) - '30000'::numeric))::bigint)\",),\n",
       " (\"                    Filter: (rate <> '0'::double precision)\",),\n",
       " ('Planning Time: 93.976 ms',),\n",
       " ('Execution Time: 220.179 ms',)]"
      ]
     },
     "execution_count": 10,
     "metadata": {},
     "output_type": "execute_result"
    }
   ],
   "source": [
    "%%sql\n",
    "EXPLAIN ANALYZE\n",
    "SELECT\n",
    "\tCCY_COUPLE,\n",
    "\tLAST (EVENT_TIME, EVENT_TIME) AS EVENT_TIME,\n",
    "\tLAST (RATE, EVENT_TIME) AS LAST_RATE\n",
    "FROM\n",
    "\tRATES2\n",
    "WHERE\n",
    "\tEVENT_TIME > (\n",
    "\t\tEXTRACT(\n",
    "\t\t\tEPOCH\n",
    "\t\t\tFROM\n",
    "\t\t\t\t'2024-10-19 07:40:37'::TIMESTAMP AT TIME ZONE 'America/New_York'\n",
    "\t\t) * 1000 - 30000\n",
    "\t)::BIGINT\n",
    "\tAND RATE <> 0\n",
    "GROUP BY\n",
    "\tCCY_COUPLE"
   ]
  },
  {
   "cell_type": "code",
   "execution_count": 3,
   "metadata": {},
   "outputs": [
    {
     "name": "stdout",
     "output_type": "stream",
     "text": [
      "Initial rates: {'EURUSD': {'event_time': 0, 'rate': 0, 'rate_yesterday_5pm': 1.0336}, 'NZDUSD': {'event_time': 0, 'rate': 0, 'rate_yesterday_5pm': 1.03193}, 'USDJPY': {'event_time': 0, 'rate': 0, 'rate_yesterday_5pm': 1.00195}, 'GBPUSD': {'event_time': 0, 'rate': 0, 'rate_yesterday_5pm': 1.03129}, 'AUDUSD': {'event_time': 0, 'rate': 0, 'rate_yesterday_5pm': 1.02467}}\n",
      "Subscribed to topic currency_rates. Waiting for messages...\n",
      "EURUSD: with rate 1.03595. Rate change: 0.227\n",
      "NZDUSD: with rate 1.03868. Rate change: 0.654\n",
      "USDJPY: with rate 1.04985. Rate change: 4.781\n",
      "GBPUSD: with rate 1.00502. Rate change: -2.547\n",
      "AUDUSD: with rate 1.01555. Rate change: -0.89\n",
      "EURUSD: with rate 1.00741. Rate change: -2.534\n",
      "NZDUSD: with rate 1.03868. Rate change: 0.654\n",
      "USDJPY: with rate 1.04985. Rate change: 4.781\n",
      "GBPUSD: with rate 1.00502. Rate change: -2.547\n",
      "AUDUSD: with rate 1.01555. Rate change: -0.89\n",
      "EURUSD: with rate 1.00741. Rate change: -2.534\n",
      "NZDUSD: with rate 1.0366. Rate change: 0.453\n",
      "USDJPY: with rate 1.04985. Rate change: 4.781\n",
      "GBPUSD: with rate 1.00502. Rate change: -2.547\n",
      "AUDUSD: with rate 1.01555. Rate change: -0.89\n",
      "EURUSD: with rate 1.00741. Rate change: -2.534\n",
      "NZDUSD: with rate 1.0366. Rate change: 0.453\n",
      "USDJPY: with rate 1.04831. Rate change: 4.627\n",
      "GBPUSD: with rate 1.00502. Rate change: -2.547\n",
      "AUDUSD: with rate 1.01555. Rate change: -0.89\n",
      "EURUSD: with rate 1.01084. Rate change: -2.202\n",
      "NZDUSD: with rate 1.0366. Rate change: 0.453\n",
      "USDJPY: with rate 1.04831. Rate change: 4.627\n",
      "GBPUSD: with rate 1.00502. Rate change: -2.547\n",
      "AUDUSD: with rate 1.01555. Rate change: -0.89\n",
      "EURUSD: with rate 1.01084. Rate change: -2.202\n",
      "NZDUSD: with rate 1.02618. Rate change: -0.557\n",
      "USDJPY: with rate 1.04831. Rate change: 4.627\n",
      "GBPUSD: with rate 1.00502. Rate change: -2.547\n",
      "AUDUSD: with rate 1.01555. Rate change: -0.89\n",
      "EURUSD: with rate 1.03215. Rate change: -0.14\n",
      "NZDUSD: with rate 1.02618. Rate change: -0.557\n",
      "USDJPY: with rate 1.04831. Rate change: 4.627\n",
      "GBPUSD: with rate 1.00502. Rate change: -2.547\n",
      "AUDUSD: with rate 1.01555. Rate change: -0.89\n",
      "^C\n"
     ]
    }
   ],
   "source": [
    "!python3 consumer.py"
   ]
  },
  {
   "cell_type": "markdown",
   "metadata": {},
   "source": [
    "here only recieve the last rate "
   ]
  },
  {
   "cell_type": "code",
   "execution_count": 4,
   "metadata": {},
   "outputs": [
    {
     "name": "stdout",
     "output_type": "stream",
     "text": [
      "Consuming data from KSQL...\n",
      "Received update: [{\"header\":{\"queryId\":\"transient_CURRENCY_RATES_TABLE_3656669947742874335\",\"schema\":\"`CCY_COUPLE` STRING, `RATE` DOUBLE, `LAST_EVENT_TIME` BIGINT\"}},\n",
      "Received update: {\"row\":{\"columns\":[\"EURUSD\",1.01639,1729595362501]}},\n",
      "Received update: {\"row\":{\"columns\":[\"GBPUSD\",1.00939,1729595364504]}},\n",
      "Received update: {\"row\":{\"columns\":[\"NZDUSD\",1.00895,1729595365505]}},\n",
      "Received update: {\"row\":{\"columns\":[\"USDJPY\",1.04676,1729595367509]}},\n",
      "Received update: {\"row\":{\"columns\":[\"AUDUSD\",1.02565,1729595369514]}},\n",
      "Received update: {\"row\":{\"columns\":[\"NZDUSD\",1.02087,1729595371516]}},\n",
      "Received update: {\"row\":{\"columns\":[\"NZDUSD\",1.003,1729595372518]}},\n",
      "Received update: {\"row\":{\"columns\":[\"AUDUSD\",1.02341,1729595373520]}},\n",
      "Received update: {\"row\":{\"columns\":[\"NZDUSD\",1.02365,1729595374522]}},\n",
      "Received update: {\"row\":{\"columns\":[\"USDJPY\",1.0463,1729595375527]}},\n",
      "Received update: {\"row\":{\"columns\":[\"NZDUSD\",1.00496,1729595376528]}},\n",
      "Received update: {\"row\":{\"columns\":[\"GBPUSD\",1.0303,1729595377531]}},\n",
      "Received update: {\"row\":{\"columns\":[\"EURUSD\",1.01878,1729595378535]}},\n",
      "Received update: {\"row\":{\"columns\":[\"USDJPY\",1.01617,1729595379538]}},\n",
      "Received update: {\"row\":{\"columns\":[\"AUDUSD\",1.00244,1729595380539]}},\n",
      "Received update: {\"row\":{\"columns\":[\"EURUSD\",1.00386,1729595381546]}},\n",
      "Received update: {\"row\":{\"columns\":[\"AUDUSD\",1.001,1729595382548]}},\n",
      "Received update: {\"row\":{\"columns\":[\"USDJPY\",1.03454,1729595383549]}},\n",
      "Received update: {\"row\":{\"columns\":[\"NZDUSD\",1.01263,1729595385557]}},\n",
      "^C\n",
      "Consumer stopped.\n"
     ]
    }
   ],
   "source": [
    "!python3 consumer_with_ksql.py"
   ]
  },
  {
   "cell_type": "code",
   "execution_count": null,
   "metadata": {},
   "outputs": [],
   "source": []
  }
 ],
 "metadata": {
  "kernelspec": {
   "display_name": "Python 3",
   "language": "python",
   "name": "python3"
  },
  "language_info": {
   "codemirror_mode": {
    "name": "ipython",
    "version": 3
   },
   "file_extension": ".py",
   "mimetype": "text/x-python",
   "name": "python",
   "nbconvert_exporter": "python",
   "pygments_lexer": "ipython3",
   "version": "3.10.12"
  }
 },
 "nbformat": 4,
 "nbformat_minor": 2
}
